
 Welcome to the MEDSLIK run module

 The spill simulated has the following parameters:
 The spill is located in the region medf
 Date:           18/ 5/2020  hour: 1400
 Location:  lat   40.4626,    lon  17.1760
 Grid coords: x    3.1114,      y   2.5516
 Spill duration:      4. hours
 Length of run:    4 hours
 Spill rate:         1.00 tons/hr
 Horiz diffusion distance:     146.96938
 Winds will be computed from SKIRON hourly forecasts

  
 Grid details in selected region
 Dimensions:     5    4
 Longitude limits: 17.00002 17.33335
 Latitude limits:  40.33335 40.58335
  
 Land/water mask:
00000
01100
11100
11111
  
 Bathymetry in selected region
    0    0    0    0    0
    0   21    2    0    0
  264  185   42    0    0
  837  640  410  243   86
 Random seed =       141530
 Total bbls released =    28.428575992373183     
 Total no of parcels =        24993
 Bbls per parcel     =    1.1374615289230258E-003
 No of minispills    =            9
 Parcels per m_spill =         2777
  
 initial mini-slick radii =    2.8243161580179401        6.3153629192791527     
  
 Initial minispill properties:
   0.0000000000000000     
   2.0000000000000000E-002   25.059736146038119       0.50119472292076239     
   1.0000000000000001E-005   100.23894458415248        1.0023894458415250E-003
   4.0080000000000003E-003   125.29868073019060       0.50219711236660391     
   0.0000000000000000        0.0000000000000000        0.0000000000000000     
   2.0000000000000000E-002   25.059736146038119       0.50119472292076239     
   0.0000000000000000        0.0000000000000000        0.0000000000000000     
   0.0000000000000000        0.0000000000000000     
 Initial minispill properties:
   0.0000000000000000     
   2.0000000000000000E-002   25.059736146038119       0.50119472292076239     
   1.0000000000000001E-005   100.23894458415248        1.0023894458415250E-003
   4.0080000000000003E-003   125.29868073019060       0.50219711236660391     
   0.0000000000000000        0.0000000000000000        0.0000000000000000     
   2.0000000000000000E-002   25.059736146038119       0.50119472292076239     
   0.0000000000000000        0.0000000000000000        0.0000000000000000     
   0.0000000000000000        0.0000000000000000     
 Initial minispill properties:
   0.0000000000000000     
   2.0000000000000000E-002   25.059736146038119       0.50119472292076239     
   1.0000000000000001E-005   100.23894458415248        1.0023894458415250E-003
   4.0080000000000003E-003   125.29868073019060       0.50219711236660391     
   0.0000000000000000        0.0000000000000000        0.0000000000000000     
   2.0000000000000000E-002   25.059736146038119       0.50119472292076239     
   0.0000000000000000        0.0000000000000000        0.0000000000000000     
   0.0000000000000000        0.0000000000000000     
 Initial minispill properties:
   0.0000000000000000     
   2.0000000000000000E-002   25.059736146038119       0.50119472292076239     
   1.0000000000000001E-005   100.23894458415248        1.0023894458415250E-003
   4.0080000000000003E-003   125.29868073019060       0.50219711236660391     
   0.0000000000000000        0.0000000000000000        0.0000000000000000     
   2.0000000000000000E-002   25.059736146038119       0.50119472292076239     
   0.0000000000000000        0.0000000000000000        0.0000000000000000     
   0.0000000000000000        0.0000000000000000     
 Initial minispill properties:
   0.0000000000000000     
   2.0000000000000000E-002   25.059736146038119       0.50119472292076239     
   1.0000000000000001E-005   100.23894458415248        1.0023894458415250E-003
   4.0080000000000003E-003   125.29868073019060       0.50219711236660391     
   0.0000000000000000        0.0000000000000000        0.0000000000000000     
   2.0000000000000000E-002   25.059736146038119       0.50119472292076239     
   0.0000000000000000        0.0000000000000000        0.0000000000000000     
   0.0000000000000000        0.0000000000000000     
 Initial minispill properties:
   0.0000000000000000     
   2.0000000000000000E-002   25.059736146038119       0.50119472292076239     
   1.0000000000000001E-005   100.23894458415248        1.0023894458415250E-003
   4.0080000000000003E-003   125.29868073019060       0.50219711236660391     
   0.0000000000000000        0.0000000000000000        0.0000000000000000     
   2.0000000000000000E-002   25.059736146038119       0.50119472292076239     
   0.0000000000000000        0.0000000000000000        0.0000000000000000     
   0.0000000000000000        0.0000000000000000     
 Initial minispill properties:
   0.0000000000000000     
   2.0000000000000000E-002   25.059736146038119       0.50119472292076239     
   1.0000000000000001E-005   100.23894458415248        1.0023894458415250E-003
   4.0080000000000003E-003   125.29868073019060       0.50219711236660391     
   0.0000000000000000        0.0000000000000000        0.0000000000000000     
   2.0000000000000000E-002   25.059736146038119       0.50119472292076239     
   0.0000000000000000        0.0000000000000000        0.0000000000000000     
   0.0000000000000000        0.0000000000000000     
 Initial minispill properties:
   0.0000000000000000     
   2.0000000000000000E-002   25.059736146038119       0.50119472292076239     
   1.0000000000000001E-005   100.23894458415248        1.0023894458415250E-003
   4.0080000000000003E-003   125.29868073019060       0.50219711236660391     
   0.0000000000000000        0.0000000000000000        0.0000000000000000     
   2.0000000000000000E-002   25.059736146038119       0.50119472292076239     
   0.0000000000000000        0.0000000000000000        0.0000000000000000     
   0.0000000000000000        0.0000000000000000     
 Initial minispill properties:
   0.0000000000000000     
   2.0000000000000000E-002   25.059736146038119       0.50119472292076239     
   1.0000000000000001E-005   100.23894458415248        1.0023894458415250E-003
   4.0080000000000003E-003   125.29868073019060       0.50219711236660391     
   0.0000000000000000        0.0000000000000000        0.0000000000000000     
   2.0000000000000000E-002   25.059736146038119       0.50119472292076239     
   0.0000000000000000        0.0000000000000000        0.0000000000000000     
   0.0000000000000000        0.0000000000000000     
  
 Frcst files and file times from 0 hrs on spill day
          14    relo20051814.rel   13.500000000000000     
          15    relo20051815.rel   14.500000000000000     
          16    relo20051816.rel   15.500000000000000     
          17    relo20051817.rel   16.500000000000000     
          18    relo20051818.rel   17.500000000000000     
          19    relo20051819.rel   18.500000000000000     
          20    relo20051820.rel   19.500000000000000     
          21    relo20051821.rel   20.500000000000000     
          22    relo20051822.rel   21.500000000000000     
          23    relo20051823.rel   22.500000000000000     
          24    relo20051824.rel   23.500000000000000     
  
 Forecast current directory = fcst_data/H3k/
 Reading forecast currents from file relo20051814.rel
  
 Reading forecast currents from file relo20051815.rel
  
  
 Wind forecast files and times of wind records:
sk1_200518.sk1      0.    1.    2.    3.    4.    5.    6.    7.    8.    9.   10.   11.   12.   13.   14.   15.   16.   17.   18.   19.   20.   21.   22.   23.
   14.250000000000000        14.000000000000000     
 Reading wind from file sk1_200518.sk1, record           15
 Reading wind from file sk1_200518.sk1, record           16
 No of coastal segments =            4

 Release of parcels:
 Time hrs =   0.50000000000000000     
     Minispill no.            1
     Parcels            1  to         2777
 Reading forecast currents from file relo20051816.rel
  
 Time hrs =    1.0000000000000000     
     Minispill no.            1
     Parcels            1  to         2777
     Minispill no.            2
     Parcels         2778  to         5554
   15.250000000000000        15.000000000000000     
 Reading wind from file sk1_200518.sk1, record           16
 Reading wind from file sk1_200518.sk1, record           17
 Time hrs =    1.5000000000000000     
     Minispill no.            1
     Parcels            1  to         2777
     Minispill no.            2
     Parcels         2778  to         5554
     Minispill no.            3
     Parcels         5555  to         8331
 Reading forecast currents from file relo20051817.rel
  
 Time hrs =    2.0000000000000000     
     Minispill no.            1
     Parcels            1  to         2777
     Minispill no.            2
     Parcels         2778  to         5554
     Minispill no.            3
     Parcels         5555  to         8331
     Minispill no.            4
     Parcels         8332  to        11108
   16.250000000000000        16.000000000000000     
 Reading wind from file sk1_200518.sk1, record           17
 Reading wind from file sk1_200518.sk1, record           18
 Time hrs =    2.5000000000000000     
     Minispill no.            1
     Parcels            1  to         2777
     Minispill no.            2
     Parcels         2778  to         5554
     Minispill no.            3
     Parcels         5555  to         8331
     Minispill no.            4
     Parcels         8332  to        11108
     Minispill no.            5
     Parcels        11109  to        13885
 Reading forecast currents from file relo20051818.rel
  
 Time hrs =    3.0000000000000000     
     Minispill no.            1
     Parcels            1  to         2777
     Minispill no.            2
     Parcels         2778  to         5554
     Minispill no.            3
     Parcels         5555  to         8331
     Minispill no.            4
     Parcels         8332  to        11108
     Minispill no.            5
     Parcels        11109  to        13885
     Minispill no.            6
     Parcels        13886  to        16662
   17.250000000000000        17.000000000000000     
 Reading wind from file sk1_200518.sk1, record           18
 Reading wind from file sk1_200518.sk1, record           19
 Time hrs =    3.5000000000000000     
     Minispill no.            1
     Parcels            1  to         2777
     Minispill no.            2
     Parcels         2778  to         5554
     Minispill no.            3
     Parcels         5555  to         8331
     Minispill no.            4
     Parcels         8332  to        11108
     Minispill no.            5
     Parcels        11109  to        13885
     Minispill no.            6
     Parcels        13886  to        16662
     Minispill no.            7
     Parcels        16663  to        19439
 Reading forecast currents from file relo20051819.rel
  
 Time hrs =    4.0000000000000000     
     Minispill no.            1
     Parcels            1  to         2777
     Minispill no.            2
     Parcels         2778  to         5554
     Minispill no.            3
     Parcels         5555  to         8331
     Minispill no.            4
     Parcels         8332  to        11108
     Minispill no.            5
     Parcels        11109  to        13885
     Minispill no.            6
     Parcels        13886  to        16662
     Minispill no.            7
     Parcels        16663  to        19439
     Minispill no.            8
     Parcels        19440  to        22216
